# JRE version: OpenJDK Runtime Environment (8.0_121-b13) (build 1.8.0_121-8u121-b13-0ubuntu1.16.04.2-b13)
# Java VM: OpenJDK 64-Bit Server VM (25.121-b13 mixed mode linux-amd64 compressed oops)
Heap:
 PSYoungGen      total 51712K, used 15335K [0x00000000fab00000, 0x00000000ff380000, 0x0000000100000000)
  eden space 33280K, 32% used [0x00000000fab00000,0x00000000fb591600,0x00000000fcb80000)
  from space 18432K, 24% used [0x00000000fe180000,0x00000000fe5e8718,0x00000000ff380000)
  to   space 20480K, 0% used [0x00000000fcb80000,0x00000000fcb80000,0x00000000fdf80000)
 ParOldGen       total 75264K, used 41796K [0x00000000f0000000, 0x00000000f4980000, 0x00000000fab00000)
  object space 75264K, 55% used [0x00000000f0000000,0x00000000f28d10f8,0x00000000f4980000)
 Metaspace       used 41014K, capacity 41304K, committed 41984K, reserved 1085440K
  class space    used 4910K, capacity 5002K, committed 5120K, reserved 1048576K
GC Heap History (10 events):
Event: 1699.912 GC heap before
{Heap before GC invocations=16 (full 2):
 PSYoungGen      total 37376K, used 36845K [0x00000000fab00000, 0x00000000fe680000, 0x0000000100000000)
  eden space 36352K, 99% used [0x00000000fab00000,0x00000000fce2c6f8,0x00000000fce80000)
  from space 1024K, 80% used [0x00000000fcf80000,0x00000000fd04ee90,0x00000000fd080000)
  to   space 12288K, 0% used [0x00000000fda80000,0x00000000fda80000,0x00000000fe680000)
 ParOldGen       total 48128K, used 22236K [0x00000000f0000000, 0x00000000f2f00000, 0x00000000fab00000)
  object space 48128K, 46% used [0x00000000f0000000,0x00000000f15b7020,0x00000000f2f00000)
 Metaspace       used 38703K, capacity 38994K, committed 39680K, reserved 1083392K
  class space    used 4638K, capacity 4745K, committed 4864K, reserved 1048576K
Event: 1699.920 GC heap after
Heap after GC invocations=16 (full 2):
 PSYoungGen      total 45568K, used 5112K [0x00000000fab00000, 0x00000000fe480000, 0x0000000100000000)
  eden space 35328K, 0% used [0x00000000fab00000,0x00000000fab00000,0x00000000fcd80000)
  from space 10240K, 49% used [0x00000000fda80000,0x00000000fdf7e160,0x00000000fe480000)
  to   space 11776K, 0% used [0x00000000fcd80000,0x00000000fcd80000,0x00000000fd900000)
 ParOldGen       total 48128K, used 22937K [0x00000000f0000000, 0x00000000f2f00000, 0x00000000fab00000)
  object space 48128K, 47% used [0x00000000f0000000,0x00000000f16665f0,0x00000000f2f00000)
 Metaspace       used 38703K, capacity 38994K, committed 39680K, reserved 1083392K
  class space    used 4638K, capacity 4745K, committed 4864K, reserved 1048576K
}
Event: 1719.579 GC heap before
{Heap before GC invocations=17 (full 2):
 PSYoungGen      total 45568K, used 40440K [0x00000000fab00000, 0x00000000fe480000, 0x0000000100000000)
  eden space 35328K, 100% used [0x00000000fab00000,0x00000000fcd80000,0x00000000fcd80000)
  from space 10240K, 49% used [0x00000000fda80000,0x00000000fdf7e160,0x00000000fe480000)
  to   space 11776K, 0% used [0x00000000fcd80000,0x00000000fcd80000,0x00000000fd900000)
 ParOldGen       total 48128K, used 22980K [0x00000000f0000000, 0x00000000f2f00000, 0x00000000fab00000)
  object space 48128K, 47% used [0x00000000f0000000,0x00000000f1671188,0x00000000f2f00000)
 Metaspace       used 39389K, capacity 39666K, committed 40192K, reserved 1085440K
  class space    used 4704K, capacity 4777K, committed 4864K, reserved 1048576K
Event: 1719.591 GC heap after
Heap after GC invocations=17 (full 2):
 PSYoungGen      total 46080K, used 11768K [0x00000000fab00000, 0x00000000ff680000, 0x0000000100000000)
  eden space 34304K, 0% used [0x00000000fab00000,0x00000000fab00000,0x00000000fcc80000)
  from space 11776K, 99% used [0x00000000fcd80000,0x00000000fd8fe268,0x00000000fd900000)
  to   space 21504K, 0% used [0x00000000fe180000,0x00000000fe180000,0x00000000ff680000)
 ParOldGen       total 48128K, used 43396K [0x00000000f0000000, 0x00000000f2f00000, 0x00000000fab00000)
  object space 48128K, 90% used [0x00000000f0000000,0x00000000f2a611f0,0x00000000f2f00000)
 Metaspace       used 39389K, capacity 39666K, committed 40192K, reserved 1085440K
  class space    used 4704K, capacity 4777K, committed 4864K, reserved 1048576K
}
Event: 1719.591 GC heap before
{Heap before GC invocations=18 (full 3):
 PSYoungGen      total 46080K, used 11768K [0x00000000fab00000, 0x00000000ff680000, 0x0000000100000000)
  eden space 34304K, 0% used [0x00000000fab00000,0x00000000fab00000,0x00000000fcc80000)
  from space 11776K, 99% used [0x00000000fcd80000,0x00000000fd8fe268,0x00000000fd900000)
  to   space 21504K, 0% used [0x00000000fe180000,0x00000000fe180000,0x00000000ff680000)
 ParOldGen       total 48128K, used 43396K [0x00000000f0000000, 0x00000000f2f00000, 0x00000000fab00000)
  object space 48128K, 90% used [0x00000000f0000000,0x00000000f2a611f0,0x00000000f2f00000)
 Metaspace       used 39389K, capacity 39666K, committed 40192K, reserved 1085440K
  class space    used 4704K, capacity 4777K, committed 4864K, reserved 1048576K
Event: 1719.689 GC heap after
Heap after GC invocations=18 (full 3):
 PSYoungGen      total 46080K, used 0K [0x00000000fab00000, 0x00000000ff680000, 0x0000000100000000)
  eden space 34304K, 0% used [0x00000000fab00000,0x00000000fab00000,0x00000000fcc80000)
  from space 11776K, 0% used [0x00000000fcd80000,0x00000000fcd80000,0x00000000fd900000)
  to   space 21504K, 0% used [0x00000000fe180000,0x00000000fe180000,0x00000000ff680000)
 ParOldGen       total 72192K, used 39182K [0x00000000f0000000, 0x00000000f4680000, 0x00000000fab00000)
  object space 72192K, 54% used [0x00000000f0000000,0x00000000f2643bb0,0x00000000f4680000)
 Metaspace       used 39378K, capacity 39648K, committed 40192K, reserved 1085440K
  class space    used 4700K, capacity 4770K, committed 4864K, reserved 1048576K
}
Event: 1751.003 GC heap before
{Heap before GC invocations=19 (full 4):
 PSYoungGen      total 46080K, used 34304K [0x00000000fab00000, 0x00000000ff680000, 0x0000000100000000)
  eden space 34304K, 100% used [0x00000000fab00000,0x00000000fcc80000,0x00000000fcc80000)
  from space 11776K, 0% used [0x00000000fcd80000,0x00000000fcd80000,0x00000000fd900000)
  to   space 21504K, 0% used [0x00000000fe180000,0x00000000fe180000,0x00000000ff680000)
 ParOldGen       total 72192K, used 62137K [0x00000000f0000000, 0x00000000f4680000, 0x00000000fab00000)
  object space 72192K, 86% used [0x00000000f0000000,0x00000000f3cae578,0x00000000f4680000)
 Metaspace       used 40635K, capacity 40864K, committed 41344K, reserved 1085440K
  class space    used 4881K, capacity 4962K, committed 4992K, reserved 1048576K
Event: 1751.060 GC heap after
Heap after GC invocations=19 (full 4):
 PSYoungGen      total 46080K, used 0K [0x00000000fab00000, 0x00000000ff680000, 0x0000000100000000)
  eden space 34304K, 0% used [0x00000000fab00000,0x00000000fab00000,0x00000000fcc80000)
  from space 11776K, 0% used [0x00000000fcd80000,0x00000000fcd80000,0x00000000fd900000)
  to   space 21504K, 0% used [0x00000000fe180000,0x00000000fe180000,0x00000000ff680000)
 ParOldGen       total 75264K, used 41788K [0x00000000f0000000, 0x00000000f4980000, 0x00000000fab00000)
  object space 75264K, 55% used [0x00000000f0000000,0x00000000f28cf0f8,0x00000000f4980000)
 Metaspace       used 40635K, capacity 40864K, committed 41344K, reserved 1085440K
  class space    used 4881K, capacity 4962K, committed 4992K, reserved 1048576K
}
Event: 3747.712 GC heap before
{Heap before GC invocations=20 (full 4):
 PSYoungGen      total 46080K, used 34304K [0x00000000fab00000, 0x00000000ff680000, 0x0000000100000000)
  eden space 34304K, 100% used [0x00000000fab00000,0x00000000fcc80000,0x00000000fcc80000)
  from space 11776K, 0% used [0x00000000fcd80000,0x00000000fcd80000,0x00000000fd900000)
  to   space 21504K, 0% used [0x00000000fe180000,0x00000000fe180000,0x00000000ff680000)
 ParOldGen       total 75264K, used 41788K [0x00000000f0000000, 0x00000000f4980000, 0x00000000fab00000)
  object space 75264K, 55% used [0x00000000f0000000,0x00000000f28cf0f8,0x00000000f4980000)
 Metaspace       used 40971K, capacity 41240K, committed 41728K, reserved 1085440K
  class space    used 4908K, capacity 5002K, committed 5120K, reserved 1048576K
Event: 3747.764 GC heap after
Heap after GC invocations=20 (full 4):
 PSYoungGen      total 51712K, used 4513K [0x00000000fab00000, 0x00000000ff380000, 0x0000000100000000)
  eden space 33280K, 0% used [0x00000000fab00000,0x00000000fab00000,0x00000000fcb80000)
  from space 18432K, 24% used [0x00000000fe180000,0x00000000fe5e8718,0x00000000ff380000)
  to   space 20480K, 0% used [0x00000000fcb80000,0x00000000fcb80000,0x00000000fdf80000)
 ParOldGen       total 75264K, used 41796K [0x00000000f0000000, 0x00000000f4980000, 0x00000000fab00000)
  object space 75264K, 55% used [0x00000000f0000000,0x00000000f28d10f8,0x00000000f4980000)
 Metaspace       used 40971K, capacity 41240K, committed 41728K, reserved 1085440K
  class space    used 4908K, capacity 5002K, committed 5120K, reserved 1048576K
}

